<?xml version="1.0" encoding="UTF-8"?>
<testng-results ignored="0" total="1" passed="1" failed="0" skipped="0">
  <reporter-output>
  </reporter-output>
  <suite started-at="2021-11-28T22:02:03 IST" name="Default suite" finished-at="2021-11-28T22:02:16 IST" duration-ms="12570">
    <groups>
    </groups>
    <test started-at="2021-11-28T22:02:03 IST" name="Default test" finished-at="2021-11-28T22:02:16 IST" duration-ms="12570">
      <class name="Handle_Calender.Demo">
        <test-method signature="handleCalender()[pri:0, instance:Handle_Calender.Demo@6631f5ca]" started-at="2021-11-28T22:02:03 IST" name="handleCalender" finished-at="2021-11-28T22:02:16 IST" duration-ms="12526" status="PASS">
          <reporter-output>
          </reporter-output>
        </test-method> <!-- handleCalender -->
      </class> <!-- Handle_Calender.Demo -->
    </test> <!-- Default test -->
  </suite> <!-- Default suite -->
</testng-results>
