<?xml version="1.0" encoding="UTF-8"?>
<!-- Generated by org.testng.reporters.JUnitXMLReporter -->
<testsuite ignored="0" hostname="DESKTOP-KFCGKBL" failures="1" tests="1" name="Test" time="14.532" errors="0" timestamp="2021-10-23T21:13:01 IST">
  <testcase classname="Failed_Test_Screenshot.CaptureScreenshot" name="captureScreenshot" time="6.168">
    <failure type="java.lang.AssertionError" message="expected [Google] but found [Gogle]">
      <![CDATA[java.lang.AssertionError: expected [Google] but found [Gogle]
at Failed_Test_Screenshot.CaptureScreenshot.captureScreenshot(CaptureScreenshot.java:18)
at java.base/java.util.ArrayList.forEach(ArrayList.java:1511)
... Removed 33 stack frames]]>
    </failure>
  </testcase> <!-- captureScreenshot -->
</testsuite> <!-- Test -->
